<?xml version="1.0" encoding="UTF-8"?>
<!-- Generated by org.testng.reporters.JUnitReportReporter -->
<testsuite hostname="srini" failures="0" tests="3" name="testngDemo.Allannotationsdemo" time="0.008" errors="0" timestamp="2023-05-23T10:25:53 BST" skipped="0">
  <testcase classname="testngDemo.Allannotationsdemo" name="f1" time="0.001"/>
  <system-out/>
  <testcase classname="testngDemo.Allannotationsdemo" name="f" time="0.005"/>
  <system-out/>
  <testcase classname="testngDemo.Allannotationsdemo" name="f2" time="0.002"/>
  <system-out/>
</testsuite> <!-- testngDemo.Allannotationsdemo -->
