<?xml version="1.0" encoding="UTF-8"?>
<!-- Generated by org.testng.reporters.JUnitReportReporter -->
<testsuite hostname="srini" failures="0" tests="2" name="testngDemo.Annotionsclassdemo" time="0.008" errors="0" timestamp="2023-05-12T06:19:08 BST" skipped="0">
  <testcase classname="testngDemo.Annotionsclassdemo" name="f2" time="0.001"/>
  <system-out/>
  <testcase classname="testngDemo.Annotionsclassdemo" name="f1" time="0.007"/>
  <system-out/>
</testsuite> <!-- testngDemo.Annotionsclassdemo -->
