<?xml version="1.0" encoding="UTF-8"?>
<!-- Generated by org.testng.reporters.JUnitReportReporter -->
<testsuite hostname="srini" failures="0" tests="6" name="testngDemo.Groupsdemo" time="0.010" errors="0" timestamp="2023-05-21T22:23:05 BST" skipped="0">
  <testcase classname="testngDemo.Groupsdemo" name="loginbyemail" time="0.005"/>
  <system-out/>
  <testcase classname="testngDemo.Groupsdemo" name="loginamazon" time="0.001"/>
  <system-out/>
  <testcase classname="testngDemo.Groupsdemo" name="loginecommerce" time="0.001"/>
  <system-out/>
  <testcase classname="testngDemo.Groupsdemo" name="singupbyemil" time="0.001"/>
  <system-out/>
  <testcase classname="testngDemo.Groupsdemo" name="singupamazon" time="0.001"/>
  <system-out/>
  <testcase classname="testngDemo.Groupsdemo" name="signupecommerce" time="0.001"/>
  <system-out/>
</testsuite> <!-- testngDemo.Groupsdemo -->
