<?xml version="1.0" encoding="UTF-8"?>
<!-- Generated by org.testng.reporters.JUnitReportReporter -->
<testsuite hostname="srini" failures="0" tests="2" name="pom.Logintest" time="0.970" errors="0" timestamp="2023-05-22T11:19:38 BST" skipped="0">
  <testcase classname="pom.Logintest" name="testlogo" time="0.036"/>
  <system-out/>
  <testcase classname="pom.Logintest" name="testlogin" time="0.934"/>
  <system-out/>
</testsuite> <!-- pom.Logintest -->
