<?xml version="1.0" encoding="UTF-8"?>
<!-- Generated by org.testng.reporters.JUnitReportReporter -->
<testsuite hostname="srini" failures="0" tests="3" name="testngDemo.NewTest" time="0.008" errors="0" timestamp="2023-05-21T22:00:25 BST" skipped="0">
  <testcase classname="testngDemo.NewTest" name="f1" time="0.007"/>
  <system-out/>
  <testcase classname="testngDemo.NewTest" name="f" time="0.001"/>
  <system-out/>
  <testcase classname="testngDemo.NewTest" name="f2" time="0.000"/>
  <system-out/>
</testsuite> <!-- testngDemo.NewTest -->
