<?xml version="1.0" encoding="UTF-8"?>
<!-- Generated by org.testng.reporters.JUnitReportReporter -->
<testsuite hostname="srini" failures="0" tests="1" name="testngDemo.TestNGDemo" time="2.611" errors="0" timestamp="2023-05-21T22:03:17 BST" skipped="0">
  <testcase classname="testngDemo.TestNGDemo" name="test" time="2.611"/>
  <system-out/>
</testsuite> <!-- testngDemo.TestNGDemo -->
