<?xml version="1.0" encoding="UTF-8"?>
<!-- Generated by org.testng.reporters.JUnitReportReporter -->
<testsuite hostname="srini" failures="0" tests="10" name="testngDemo.InvocationcountDemo" time="0.014" errors="0" timestamp="2023-05-16T06:42:02 BST" skipped="0">
  <testcase classname="testngDemo.InvocationcountDemo" name="test" time="0.000"/>
  <system-out/>
  <testcase classname="testngDemo.InvocationcountDemo" name="test" time="0.005"/>
  <system-out/>
  <testcase classname="testngDemo.InvocationcountDemo" name="test" time="0.001"/>
  <system-out/>
  <testcase classname="testngDemo.InvocationcountDemo" name="test" time="0.000"/>
  <system-out/>
  <testcase classname="testngDemo.InvocationcountDemo" name="test" time="0.001"/>
  <system-out/>
  <testcase classname="testngDemo.InvocationcountDemo" name="test" time="0.001"/>
  <system-out/>
  <testcase classname="testngDemo.InvocationcountDemo" name="test" time="0.001"/>
  <system-out/>
  <testcase classname="testngDemo.InvocationcountDemo" name="test" time="0.001"/>
  <system-out/>
  <testcase classname="testngDemo.InvocationcountDemo" name="test" time="0.002"/>
  <system-out/>
  <testcase classname="testngDemo.InvocationcountDemo" name="test" time="0.002"/>
  <system-out/>
</testsuite> <!-- testngDemo.InvocationcountDemo -->
