<?xml version="1.0" encoding="UTF-8"?>
<!-- Generated by org.testng.reporters.JUnitReportReporter -->
<testsuite hostname="srini" failures="0" tests="2" name="testngDemo.Annotaionsdemo" time="0.010" errors="0" timestamp="2023-05-12T06:13:43 BST" skipped="0">
  <testcase classname="testngDemo.Annotaionsdemo" name="f1" time="0.009"/>
  <system-out/>
  <testcase classname="testngDemo.Annotaionsdemo" name="f2" time="0.001"/>
  <system-out/>
</testsuite> <!-- testngDemo.Annotaionsdemo -->
